# JRE version: Java(TM) SE Runtime Environment 18.9 (11.0.18+9) (build 11.0.18+9-LTS-195)
# Java VM: Java HotSpot(TM) 64-Bit Server VM 18.9 (11.0.18+9-LTS-195, mixed mode, tiered, compressed oops, g1 gc, windows-amd64)
Heap:
 garbage-first heap   total 262144K, used 78653K [0x00000000e0000000, 0x0000000100000000)
  region size 1024K, 62 young (63488K), 7 survivors (7168K)
 Metaspace       used 38059K, capacity 38952K, committed 39040K, reserved 288768K
  class space    used 5085K, capacity 5453K, committed 5504K, reserved 253952K
GC Heap History (8 events):
Event: 3.284 GC heap before
{Heap before GC invocations=0 (full 0):
 garbage-first heap   total 262144K, used 29696K [0x00000000e0000000, 0x0000000100000000)
  region size 1024K, 24 young (24576K), 0 survivors (0K)
 Metaspace       used 9597K, capacity 9827K, committed 10112K, reserved 264192K
  class space    used 992K, capacity 1069K, committed 1152K, reserved 253952K
}
Event: 3.288 GC heap after
{Heap after GC invocations=1 (full 0):
 garbage-first heap   total 262144K, used 9459K [0x00000000e0000000, 0x0000000100000000)
  region size 1024K, 3 young (3072K), 3 survivors (3072K)
 Metaspace       used 9597K, capacity 9827K, committed 10112K, reserved 264192K
  class space    used 992K, capacity 1069K, committed 1152K, reserved 253952K
}
Event: 7.915 GC heap before
{Heap before GC invocations=1 (full 0):
 garbage-first heap   total 262144K, used 109811K [0x00000000e0000000, 0x0000000100000000)
  region size 1024K, 102 young (104448K), 3 survivors (3072K)
 Metaspace       used 20751K, capacity 21111K, committed 21248K, reserved 272384K
  class space    used 2548K, capacity 2722K, committed 2816K, reserved 253952K
}
Event: 7.923 GC heap after
{Heap after GC invocations=2 (full 0):
 garbage-first heap   total 262144K, used 16967K [0x00000000e0000000, 0x0000000100000000)
  region size 1024K, 11 young (11264K), 11 survivors (11264K)
 Metaspace       used 20751K, capacity 21111K, committed 21248K, reserved 272384K
  class space    used 2548K, capacity 2722K, committed 2816K, reserved 253952K
}
Event: 8.452 GC heap before
{Heap before GC invocations=3 (full 0):
 garbage-first heap   total 262144K, used 59975K [0x00000000e0000000, 0x0000000100000000)
  region size 1024K, 53 young (54272K), 11 survivors (11264K)
 Metaspace       used 24964K, capacity 25574K, committed 25728K, reserved 276480K
  class space    used 3248K, capacity 3453K, committed 3456K, reserved 253952K
}
Event: 8.458 GC heap after
{Heap after GC invocations=4 (full 0):
 garbage-first heap   total 262144K, used 18977K [0x00000000e0000000, 0x0000000100000000)
  region size 1024K, 3 young (3072K), 3 survivors (3072K)
 Metaspace       used 24964K, capacity 25574K, committed 25728K, reserved 276480K
  class space    used 3248K, capacity 3453K, committed 3456K, reserved 253952K
}
Event: 9.598 GC heap before
{Heap before GC invocations=4 (full 0):
 garbage-first heap   total 262144K, used 119329K [0x00000000e0000000, 0x0000000100000000)
  region size 1024K, 102 young (104448K), 3 survivors (3072K)
 Metaspace       used 34904K, capacity 35796K, committed 35840K, reserved 286720K
  class space    used 4590K, capacity 4954K, committed 4992K, reserved 253952K
}
Event: 9.602 GC heap after
{Heap after GC invocations=5 (full 0):
 garbage-first heap   total 262144K, used 23357K [0x00000000e0000000, 0x0000000100000000)
  region size 1024K, 7 young (7168K), 7 survivors (7168K)
 Metaspace       used 34904K, capacity 35796K, committed 35840K, reserved 286720K
  class space    used 4590K, capacity 4954K, committed 4992K, reserved 253952K
}

