# JRE version: OpenJDK Runtime Environment JBR-17.0.7+10-829.16-jcef (17.0.7+10) (build 17.0.7+10-b829.16)
# Java VM: OpenJDK 64-Bit Server VM JBR-17.0.7+10-829.16-jcef (17.0.7+10-b829.16, mixed mode, tiered, compressed oops, compressed class ptrs, g1 gc, windows-amd64)
GC Precious Log:
 CPUs: 12 total, 12 available
 Memory: 16215M
 Large Page Support: Disabled
 NUMA Support: Disabled
 Compressed Oops: Enabled (32-bit)
 Heap Region Size: 1M
 Heap Min Capacity: 8M
 Heap Initial Capacity: 254M
 Heap Max Capacity: 512M
 Pre-touch: Disabled
 Parallel Workers: 10
 Concurrent Workers: 3
 Concurrent Refinement Workers: 10
 Periodic GC: Disabled
Heap:
 garbage-first heap   total 251904K, used 60153K [0x00000000e0000000, 0x0000000100000000)
  region size 1024K, 11 young (11264K), 2 survivors (2048K)
 Metaspace       used 102963K, committed 103616K, reserved 1179648K
  class space    used 13767K, committed 14080K, reserved 1048576K
GC Heap History (20 events):
Event: 8.417 GC heap before
{Heap before GC invocations=33 (full 0):
 garbage-first heap   total 78848K, used 60650K [0x00000000e0000000, 0x0000000100000000)
  region size 1024K, 19 young (19456K), 2 survivors (2048K)
 Metaspace       used 99180K, committed 99776K, reserved 1179648K
  class space    used 13372K, committed 13632K, reserved 1048576K
}
Event: 8.420 GC heap after
{Heap after GC invocations=34 (full 0):
 garbage-first heap   total 78848K, used 45526K [0x00000000e0000000, 0x0000000100000000)
  region size 1024K, 3 young (3072K), 3 survivors (3072K)
 Metaspace       used 99180K, committed 99776K, reserved 1179648K
  class space    used 13372K, committed 13632K, reserved 1048576K
}
Event: 8.424 GC heap before
{Heap before GC invocations=34 (full 0):
 garbage-first heap   total 78848K, used 46550K [0x00000000e0000000, 0x0000000100000000)
  region size 1024K, 4 young (4096K), 3 survivors (3072K)
 Metaspace       used 99185K, committed 99776K, reserved 1179648K
  class space    used 13373K, committed 13632K, reserved 1048576K
}
Event: 8.428 GC heap after
{Heap after GC invocations=35 (full 0):
 garbage-first heap   total 78848K, used 44839K [0x00000000e0000000, 0x0000000100000000)
  region size 1024K, 1 young (1024K), 1 survivors (1024K)
 Metaspace       used 99185K, committed 99776K, reserved 1179648K
  class space    used 13373K, committed 13632K, reserved 1048576K
}
Event: 9.241 GC heap before
{Heap before GC invocations=35 (full 0):
 garbage-first heap   total 78848K, used 63271K [0x00000000e0000000, 0x0000000100000000)
  region size 1024K, 20 young (20480K), 1 survivors (1024K)
 Metaspace       used 101615K, committed 102144K, reserved 1179648K
  class space    used 13657K, committed 13888K, reserved 1048576K
}
Event: 9.243 GC heap after
{Heap after GC invocations=36 (full 0):
 garbage-first heap   total 78848K, used 45872K [0x00000000e0000000, 0x0000000100000000)
  region size 1024K, 2 young (2048K), 2 survivors (2048K)
 Metaspace       used 101615K, committed 102144K, reserved 1179648K
  class space    used 13657K, committed 13888K, reserved 1048576K
}
Event: 19.704 GC heap before
{Heap before GC invocations=37 (full 0):
 garbage-first heap   total 80896K, used 64304K [0x00000000e0000000, 0x0000000100000000)
  region size 1024K, 20 young (20480K), 2 survivors (2048K)
 Metaspace       used 102274K, committed 102848K, reserved 1179648K
  class space    used 13742K, committed 14016K, reserved 1048576K
}
Event: 19.707 GC heap after
{Heap after GC invocations=38 (full 0):
 garbage-first heap   total 80896K, used 47631K [0x00000000e0000000, 0x0000000100000000)
  region size 1024K, 3 young (3072K), 3 survivors (3072K)
 Metaspace       used 102274K, committed 102848K, reserved 1179648K
  class space    used 13742K, committed 14016K, reserved 1048576K
}
Event: 19.714 GC heap before
{Heap before GC invocations=38 (full 0):
 garbage-first heap   total 80896K, used 48655K [0x00000000e0000000, 0x0000000100000000)
  region size 1024K, 4 young (4096K), 3 survivors (3072K)
 Metaspace       used 102275K, committed 102848K, reserved 1179648K
  class space    used 13742K, committed 14016K, reserved 1048576K
}
Event: 19.717 GC heap after
{Heap after GC invocations=39 (full 0):
 garbage-first heap   total 80896K, used 47670K [0x00000000e0000000, 0x0000000100000000)
  region size 1024K, 1 young (1024K), 1 survivors (1024K)
 Metaspace       used 102275K, committed 102848K, reserved 1179648K
  class space    used 13742K, committed 14016K, reserved 1048576K
}
Event: 19.855 GC heap before
{Heap before GC invocations=39 (full 0):
 garbage-first heap   total 80896K, used 66102K [0x00000000e0000000, 0x0000000100000000)
  region size 1024K, 19 young (19456K), 1 survivors (1024K)
 Metaspace       used 102344K, committed 102912K, reserved 1179648K
  class space    used 13742K, committed 14016K, reserved 1048576K
}
Event: 19.856 GC heap after
{Heap after GC invocations=40 (full 0):
 garbage-first heap   total 80896K, used 48630K [0x00000000e0000000, 0x0000000100000000)
  region size 1024K, 2 young (2048K), 2 survivors (2048K)
 Metaspace       used 102344K, committed 102912K, reserved 1179648K
  class space    used 13742K, committed 14016K, reserved 1048576K
}
Event: 20.082 GC heap before
{Heap before GC invocations=41 (full 0):
 garbage-first heap   total 83968K, used 63990K [0x00000000e0000000, 0x0000000100000000)
  region size 1024K, 19 young (19456K), 2 survivors (2048K)
 Metaspace       used 102471K, committed 103104K, reserved 1179648K
  class space    used 13742K, committed 14016K, reserved 1048576K
}
Event: 20.083 GC heap after
{Heap after GC invocations=42 (full 0):
 garbage-first heap   total 83968K, used 48025K [0x00000000e0000000, 0x0000000100000000)
  region size 1024K, 3 young (3072K), 3 survivors (3072K)
 Metaspace       used 102471K, committed 103104K, reserved 1179648K
  class space    used 13742K, committed 14016K, reserved 1048576K
}
Event: 20.085 GC heap before
{Heap before GC invocations=42 (full 0):
 garbage-first heap   total 83968K, used 49049K [0x00000000e0000000, 0x0000000100000000)
  region size 1024K, 4 young (4096K), 3 survivors (3072K)
 Metaspace       used 102471K, committed 103104K, reserved 1179648K
  class space    used 13742K, committed 14016K, reserved 1048576K
}
Event: 20.088 GC heap after
{Heap after GC invocations=43 (full 0):
 garbage-first heap   total 83968K, used 46832K [0x00000000e0000000, 0x0000000100000000)
  region size 1024K, 1 young (1024K), 1 survivors (1024K)
 Metaspace       used 102471K, committed 103104K, reserved 1179648K
  class space    used 13742K, committed 14016K, reserved 1048576K
}
Event: 20.278 GC heap before
{Heap before GC invocations=43 (full 0):
 garbage-first heap   total 83968K, used 67312K [0x00000000e0000000, 0x0000000100000000)
  region size 1024K, 22 young (22528K), 1 survivors (1024K)
 Metaspace       used 102851K, committed 103488K, reserved 1179648K
  class space    used 13767K, committed 14080K, reserved 1048576K
}
Event: 21.280 GC heap after
{Heap after GC invocations=44 (full 0):
 garbage-first heap   total 251904K, used 48709K [0x00000000e0000000, 0x0000000100000000)
  region size 1024K, 2 young (2048K), 2 survivors (2048K)
 Metaspace       used 102851K, committed 103488K, reserved 1179648K
  class space    used 13767K, committed 14080K, reserved 1048576K
}
Event: 22.344 GC heap before
{Heap before GC invocations=44 (full 0):
 garbage-first heap   total 251904K, used 60997K [0x00000000e0000000, 0x0000000100000000)
  region size 1024K, 12 young (12288K), 2 survivors (2048K)
 Metaspace       used 102892K, committed 103552K, reserved 1179648K
  class space    used 13767K, committed 14080K, reserved 1048576K
}
Event: 22.346 GC heap after
{Heap after GC invocations=45 (full 0):
 garbage-first heap   total 251904K, used 51337K [0x00000000e0000000, 0x0000000100000000)
  region size 1024K, 1 young (1024K), 1 survivors (1024K)
 Metaspace       used 102892K, committed 103552K, reserved 1179648K
  class space    used 13767K, committed 14080K, reserved 1048576K
}

