# JRE version: OpenJDK Runtime Environment JBR-17.0.7+10-829.16-jcef (17.0.7+10) (build 17.0.7+10-b829.16)
# Java VM: OpenJDK 64-Bit Server VM JBR-17.0.7+10-829.16-jcef (17.0.7+10-b829.16, mixed mode, tiered, compressed oops, compressed class ptrs, g1 gc, windows-amd64)
GC Precious Log:
 CPUs: 12 total, 12 available
 Memory: 16215M
 Large Page Support: Disabled
 NUMA Support: Disabled
 Compressed Oops: Enabled (32-bit)
 Heap Region Size: 1M
 Heap Min Capacity: 8M
 Heap Initial Capacity: 254M
 Heap Max Capacity: 512M
 Pre-touch: Disabled
 Parallel Workers: 10
 Concurrent Workers: 3
 Concurrent Refinement Workers: 10
 Periodic GC: Disabled
Heap:
 garbage-first heap   total 106496K, used 83567K [0x00000000e0000000, 0x0000000100000000)
  region size 1024K, 52 young (53248K), 4 survivors (4096K)
 Metaspace       used 84118K, committed 84736K, reserved 1179648K
  class space    used 11040K, committed 11328K, reserved 1048576K
GC Heap History (20 events):
Event: 3.078 GC heap before
{Heap before GC invocations=8 (full 0):
 garbage-first heap   total 48128K, used 33908K [0x00000000e0000000, 0x0000000100000000)
  region size 1024K, 21 young (21504K), 3 survivors (3072K)
 Metaspace       used 34347K, committed 34624K, reserved 1114112K
  class space    used 4241K, committed 4352K, reserved 1048576K
}
Event: 3.080 GC heap after
{Heap after GC invocations=9 (full 0):
 garbage-first heap   total 48128K, used 16737K [0x00000000e0000000, 0x0000000100000000)
  region size 1024K, 3 young (3072K), 3 survivors (3072K)
 Metaspace       used 34347K, committed 34624K, reserved 1114112K
  class space    used 4241K, committed 4352K, reserved 1048576K
}
Event: 3.313 GC heap before
{Heap before GC invocations=9 (full 0):
 garbage-first heap   total 48128K, used 35169K [0x00000000e0000000, 0x0000000100000000)
  region size 1024K, 21 young (21504K), 3 survivors (3072K)
 Metaspace       used 35281K, committed 35584K, reserved 1114112K
  class space    used 4349K, committed 4480K, reserved 1048576K
}
Event: 3.315 GC heap after
{Heap after GC invocations=10 (full 0):
 garbage-first heap   total 48128K, used 17971K [0x00000000e0000000, 0x0000000100000000)
  region size 1024K, 3 young (3072K), 3 survivors (3072K)
 Metaspace       used 35281K, committed 35584K, reserved 1114112K
  class space    used 4349K, committed 4480K, reserved 1048576K
}
Event: 3.407 GC heap before
{Heap before GC invocations=10 (full 0):
 garbage-first heap   total 48128K, used 24115K [0x00000000e0000000, 0x0000000100000000)
  region size 1024K, 10 young (10240K), 3 survivors (3072K)
 Metaspace       used 35736K, committed 35968K, reserved 1114112K
  class space    used 4414K, committed 4544K, reserved 1048576K
}
Event: 3.409 GC heap after
{Heap after GC invocations=11 (full 0):
 garbage-first heap   total 48128K, used 18334K [0x00000000e0000000, 0x0000000100000000)
  region size 1024K, 2 young (2048K), 2 survivors (2048K)
 Metaspace       used 35736K, committed 35968K, reserved 1114112K
  class space    used 4414K, committed 4544K, reserved 1048576K
}
Event: 3.605 GC heap before
{Heap before GC invocations=12 (full 0):
 garbage-first heap   total 48128K, used 35742K [0x00000000e0000000, 0x0000000100000000)
  region size 1024K, 19 young (19456K), 2 survivors (2048K)
 Metaspace       used 39279K, committed 39616K, reserved 1114112K
  class space    used 4784K, committed 4928K, reserved 1048576K
}
Event: 3.607 GC heap after
{Heap after GC invocations=13 (full 0):
 garbage-first heap   total 48128K, used 18885K [0x00000000e0000000, 0x0000000100000000)
  region size 1024K, 3 young (3072K), 3 survivors (3072K)
 Metaspace       used 39279K, committed 39616K, reserved 1114112K
  class space    used 4784K, committed 4928K, reserved 1048576K
}
Event: 3.617 GC heap before
{Heap before GC invocations=13 (full 0):
 garbage-first heap   total 48128K, used 19909K [0x00000000e0000000, 0x0000000100000000)
  region size 1024K, 4 young (4096K), 3 survivors (3072K)
 Metaspace       used 39504K, committed 39808K, reserved 1114112K
  class space    used 4810K, committed 4928K, reserved 1048576K
}
Event: 3.619 GC heap after
{Heap after GC invocations=14 (full 0):
 garbage-first heap   total 48128K, used 18778K [0x00000000e0000000, 0x0000000100000000)
  region size 1024K, 1 young (1024K), 1 survivors (1024K)
 Metaspace       used 39504K, committed 39808K, reserved 1114112K
  class space    used 4810K, committed 4928K, reserved 1048576K
}
Event: 3.832 GC heap before
{Heap before GC invocations=14 (full 0):
 garbage-first heap   total 48128K, used 36186K [0x00000000e0000000, 0x0000000100000000)
  region size 1024K, 19 young (19456K), 1 survivors (1024K)
 Metaspace       used 42490K, committed 42752K, reserved 1114112K
  class space    used 5178K, committed 5312K, reserved 1048576K
}
Event: 3.834 GC heap after
{Heap after GC invocations=15 (full 0):
 garbage-first heap   total 154624K, used 19587K [0x00000000e0000000, 0x0000000100000000)
  region size 1024K, 2 young (2048K), 2 survivors (2048K)
 Metaspace       used 42490K, committed 42752K, reserved 1114112K
  class space    used 5178K, committed 5312K, reserved 1048576K
}
Event: 5.576 GC heap before
{Heap before GC invocations=15 (full 0):
 garbage-first heap   total 154624K, used 111747K [0x00000000e0000000, 0x0000000100000000)
  region size 1024K, 90 young (92160K), 2 survivors (2048K)
 Metaspace       used 56307K, committed 56704K, reserved 1114112K
  class space    used 7056K, committed 7232K, reserved 1048576K
}
Event: 5.581 GC heap after
{Heap after GC invocations=16 (full 0):
 garbage-first heap   total 154624K, used 28230K [0x00000000e0000000, 0x0000000100000000)
  region size 1024K, 8 young (8192K), 8 survivors (8192K)
 Metaspace       used 56307K, committed 56704K, reserved 1114112K
  class space    used 7056K, committed 7232K, reserved 1048576K
}
Event: 5.983 GC heap before
{Heap before GC invocations=16 (full 0):
 garbage-first heap   total 154624K, used 51782K [0x00000000e0000000, 0x0000000100000000)
  region size 1024K, 32 young (32768K), 8 survivors (8192K)
 Metaspace       used 59632K, committed 60096K, reserved 1114112K
  class space    used 7513K, committed 7744K, reserved 1048576K
}
Event: 5.988 GC heap after
{Heap after GC invocations=17 (full 0):
 garbage-first heap   total 154624K, used 29620K [0x00000000e0000000, 0x0000000100000000)
  region size 1024K, 2 young (2048K), 2 survivors (2048K)
 Metaspace       used 59632K, committed 60096K, reserved 1114112K
  class space    used 7513K, committed 7744K, reserved 1048576K
}
Event: 6.882 GC heap before
{Heap before GC invocations=18 (full 0):
 garbage-first heap   total 106496K, used 91060K [0x00000000e0000000, 0x0000000100000000)
  region size 1024K, 62 young (63488K), 2 survivors (2048K)
 Metaspace       used 72320K, committed 72832K, reserved 1114112K
  class space    used 9440K, committed 9664K, reserved 1048576K
}
Event: 6.885 GC heap after
{Heap after GC invocations=19 (full 0):
 garbage-first heap   total 106496K, used 31485K [0x00000000e0000000, 0x0000000100000000)
  region size 1024K, 4 young (4096K), 4 survivors (4096K)
 Metaspace       used 72320K, committed 72832K, reserved 1114112K
  class space    used 9440K, committed 9664K, reserved 1048576K
}
Event: 7.650 GC heap before
{Heap before GC invocations=19 (full 0):
 garbage-first heap   total 106496K, used 82685K [0x00000000e0000000, 0x0000000100000000)
  region size 1024K, 54 young (55296K), 4 survivors (4096K)
 Metaspace       used 80440K, committed 80960K, reserved 1179648K
  class space    used 10562K, committed 10816K, reserved 1048576K
}
Event: 7.655 GC heap after
{Heap after GC invocations=20 (full 0):
 garbage-first heap   total 106496K, used 34415K [0x00000000e0000000, 0x0000000100000000)
  region size 1024K, 7 young (7168K), 7 survivors (7168K)
 Metaspace       used 80440K, committed 80960K, reserved 1179648K
  class space    used 10562K, committed 10816K, reserved 1048576K
}

